2026-02-12T05:51:13.580Z GET /api/dashboard/
2026-02-12T05:52:58.870Z GET /api/dashboard/
2026-02-12T05:54:35.150Z GET /api/dashboard/test
2026-02-12T05:57:23.968Z GET /api/dashboard
2026-02-12T05:57:24.711Z GET /api/dashboard
2026-02-12T05:58:21.830Z GET /api/dashboard
2026-02-12T05:58:22.143Z GET /api/dashboard
2026-02-12T05:58:44.673Z GET /api/dashboard
2026-02-12T05:58:44.903Z GET /api/dashboard
2026-02-12T05:59:08.296Z PUT /api/dashboard/cgpa
2026-02-12T05:59:08.526Z GET /api/dashboard
2026-02-12T05:59:34.170Z PUT /api/dashboard/cgpa
2026-02-12T05:59:34.321Z GET /api/dashboard
2026-02-12T06:00:13.088Z PUT /api/dashboard/cgpa
2026-02-12T06:00:13.326Z GET /api/dashboard
2026-02-12T06:00:24.099Z GET /api/dashboard
2026-02-12T06:00:24.314Z GET /api/dashboard
2026-02-12T06:00:46.621Z POST /api/risk/analyze
2026-02-12T06:00:47.072Z GET /api/dashboard
2026-02-12T06:00:47.279Z GET /api/dashboard
2026-02-12T06:01:02.702Z POST /api/risk/analyze
2026-02-12T06:01:03.265Z GET /api/dashboard
2026-02-12T06:01:03.596Z GET /api/dashboard
2026-02-12T06:01:20.650Z POST /api/risk/analyze
2026-02-12T06:01:21.152Z GET /api/dashboard
2026-02-12T06:01:21.422Z GET /api/dashboard
2026-02-12T06:01:30.573Z GET /api/dashboard
2026-02-12T06:01:30.791Z GET /api/dashboard
2026-02-12T06:02:12.236Z POST /api/auth/register
2026-02-12T06:02:21.428Z POST /api/auth/login
2026-02-12T06:02:22.051Z GET /api/dashboard
2026-02-12T06:02:22.383Z GET /api/dashboard
2026-02-12T06:02:35.026Z POST /api/auth/login
2026-02-12T06:02:35.750Z GET /api/dashboard
2026-02-12T06:02:36.312Z GET /api/dashboard
2026-02-12T06:02:47.102Z POST /api/auth/login
2026-02-12T06:02:47.660Z GET /api/dashboard
2026-02-12T06:02:47.863Z GET /api/dashboard
2026-02-12T06:03:00.553Z POST /api/risk/analyze
2026-02-12T06:03:01.670Z GET /api/dashboard
2026-02-12T06:03:02.141Z GET /api/dashboard
2026-02-12T06:03:19.541Z POST /api/auth/login
2026-02-12T06:03:20.072Z GET /api/dashboard
2026-02-12T06:03:20.438Z GET /api/dashboard
2026-02-12T06:08:30.984Z GET /api/reports
2026-02-12T06:08:31.011Z GET /api/reports
2026-02-12T06:09:11.883Z GET /api/dashboard
2026-02-12T06:09:12.118Z GET /api/dashboard
2026-02-12T06:09:12.822Z GET /api/dashboard
2026-02-12T06:09:13.195Z GET /api/dashboard
2026-02-12T06:09:22.315Z GET /api/reports
2026-02-12T06:09:22.335Z GET /api/reports
2026-02-12T06:09:26.948Z GET /api/reports
2026-02-12T06:09:26.973Z GET /api/reports
2026-02-12T06:09:30.239Z GET /api/dashboard
2026-02-12T06:09:30.782Z GET /api/dashboard
2026-02-12T06:09:52.166Z POST /api/risk/analyze
2026-02-12T06:09:52.954Z GET /api/dashboard
2026-02-12T06:09:53.243Z GET /api/dashboard
2026-02-12T06:10:00.711Z GET /api/reports
2026-02-12T06:10:00.727Z GET /api/reports
2026-02-12T06:10:01.859Z GET /api/dashboard
2026-02-12T06:10:02.555Z GET /api/dashboard
2026-02-12T06:10:06.213Z GET /api/reports
2026-02-12T06:10:06.228Z GET /api/reports
2026-02-12T06:10:07.754Z GET /api/dashboard
2026-02-12T06:10:08.092Z GET /api/dashboard
2026-02-12T06:10:22.678Z POST /api/risk/analyze
2026-02-12T06:10:23.113Z GET /api/dashboard
2026-02-12T06:10:23.444Z GET /api/dashboard
2026-02-12T06:10:34.053Z GET /api/reports
2026-02-12T06:10:34.069Z GET /api/reports
2026-02-12T06:11:14.883Z GET /api/dashboard
2026-02-12T06:11:15.164Z GET /api/dashboard
2026-02-12T06:13:01.468Z POST /predict
